<?xml version="1.0" encoding="UTF-8"?>
<!-- Generated by org.testng.reporters.JUnitReportReporter -->
<testsuite hostname="DESKTOP-72SGLAP" failures="0" tests="1" name="testNG.Demo11" time="0.004" errors="0" timestamp="2022-07-07T11:43:29 IST" skipped="0">
  <testcase classname="testNG.Demo11" name="test" time="0.004"/>
  <system-out>
    <![CDATA[1]]>
  </system-out>
</testsuite> <!-- testNG.Demo11 -->
