<?xml version="1.0" encoding="UTF-8"?>
<!-- Generated by org.testng.reporters.JUnitReportReporter -->
<testsuite hostname="DESKTOP-72SGLAP" failures="0" tests="1" name="testNG.Demo" time="0.013" errors="0" timestamp="2022-07-07T11:48:24 IST" skipped="0">
  <testcase classname="testNG.Demo" name="test" time="0.013"/>
  <system-out>
    <![CDATA[1]]>
  </system-out>
</testsuite> <!-- testNG.Demo -->
