<?xml version="1.0" encoding="UTF-8"?>
<!-- Generated by org.testng.reporters.JUnitReportReporter -->
<testsuite hostname="DESKTOP-72SGLAP" failures="0" tests="1" name="testNG.TestWebtable" time="15.403" errors="0" timestamp="2022-07-22T01:00:35 IST" skipped="0">
  <testcase classname="testNG.TestWebtable" name="action" time="15.403"/>
  <system-out/>
</testsuite> <!-- testNG.TestWebtable -->
