<?xml version="1.0" encoding="UTF-8"?>
<!-- Generated by org.testng.reporters.JUnitReportReporter -->
<testsuite hostname="DESKTOP-72SGLAP" failures="0" tests="2" name="testNG.TestScript" time="39.736" errors="0" timestamp="2022-07-08T23:41:51 IST" skipped="0">
  <testcase classname="testNG.TestScript" name="login" time="23.262"/>
  <system-out/>
  <testcase classname="testNG.TestScript" name="login" time="16.474"/>
  <system-out/>
</testsuite> <!-- testNG.TestScript -->
