<?xml version="1.0" encoding="UTF-8"?>
<!-- Generated by org.testng.reporters.JUnitReportReporter -->
<testsuite hostname="DESKTOP-72SGLAP" failures="0" tests="1" name="testNG.Sample" time="0.003" errors="0" timestamp="2022-07-07T11:48:24 IST" skipped="0">
  <testcase classname="testNG.Sample" name="run" time="0.003"/>
  <system-out>
    <![CDATA[running]]>
  </system-out>
</testsuite> <!-- testNG.Sample -->
